source,target,user_id
0,5,"584447,735292,761107"
0,6,584447
0,7,584447
0,12,584447
0,13,584447
0,14,584447
0,16,584447
0,22,584447
0,23,584447
0,30,752568
1,5,584447
1,6,584447
1,7,584447
1,11,754685
1,12,584447
1,13,584447
1,14,"584447,754685"
1,16,"584447,754685"
1,17,754685
1,22,584447
1,23,"584447,754685"
1,30,752568
2,5,584447
2,6,584447
2,7,584447
2,11,754685
2,12,584447
2,13,584447
2,14,"584447,754685"
2,16,"584447,754685"
2,17,754685
2,22,584447
2,23,"584447,754685"
2,30,752568
4,27,187833
4,127,427250
5,29,"428202,555714,584447"
5,30,"584447,619437,761107,849812"
5,31,584447
5,33,294115
5,35,"555714,584447,761107,849812"
5,36,"555714,584447"
5,37,"584447,761107,849812"
5,42,"555714,584447,849812"
5,43,"555714,584447"
5,44,"555714,584447"
5,45,"584447,849812"
5,46,"555714,584447,849812"
5,47,"555714,584447"
5,51,428202
5,52,"294115,428202"
5,53,294115
5,57,428202
5,58,"294115,428202"
5,59,294115
5,60,294115
5,61,"555714,849812"
5,62,"555714,761107"
5,63,555714
5,69,735292
6,29,"428202,471775,555714,584447,715341"
6,30,"471775,519469,584447"
6,31,"471775,584447"
6,32,715341
6,33,715341
6,34,715341
6,35,"555714,584447"
6,36,"555714,584447"
6,37,584447
6,38,471775
6,39,471775
6,42,"555714,584447"
6,43,"555714,584447"
6,44,"555714,584447"
6,45,584447
6,46,"555714,584447"
6,47,"555714,584447"
6,48,471775
6,49,471775
6,51,"428202,471775"
6,52,"428202,471775"
6,54,471775
6,55,471775
6,56,471775
6,57,"428202,715341"
6,58,"428202,715341"
6,59,715341
6,60,715341
6,61,555714
6,62,555714
6,63,555714
7,29,"428202,555714,584447"
7,30,584447
7,31,584447
7,35,"555714,584447"
7,36,"555714,584447"
7,37,584447
7,42,"555714,584447"
7,43,"555714,584447"
7,44,"555714,584447"
7,45,584447
7,46,"555714,584447"
7,47,"555714,584447"
7,51,428202
7,52,428202
7,57,428202
7,58,428202
7,61,555714
7,62,555714
7,63,555714
8,29,"471775,715341"
8,30,471775
8,31,471775
8,32,715341
8,33,715341
8,34,715341
8,38,471775
8,39,471775
8,48,471775
8,49,471775
8,51,471775
8,52,471775
8,54,471775
8,55,471775
8,56,471775
8,57,715341
8,58,715341
8,59,715341
8,60,715341
9,29,"471775,715341"
9,30,471775
9,31,471775
9,32,715341
9,33,715341
9,34,715341
9,38,471775
9,39,471775
9,48,471775
9,49,471775
9,51,471775
9,52,471775
9,54,471775
9,55,471775
9,56,471775
9,57,715341
9,58,715341
9,59,715341
9,60,715341
10,29,555714
10,35,555714
10,36,555714
10,42,555714
10,43,555714
10,44,555714
10,46,555714
10,47,555714
10,61,555714
10,62,555714
10,63,555714
11,29,"555714,754685"
11,30,754685
11,31,754685
11,32,754685
11,33,754685
11,34,754685
11,35,"555714,754685"
11,36,"555714,754685"
11,37,754685
11,42,"555714,754685"
11,43,"555714,754685"
11,44,"555714,754685"
11,45,754685
11,46,"555714,754685"
11,47,"555714,754685"
11,56,754685
11,61,"555714,754685"
11,62,"555714,754685"
11,63,"555714,754685"
12,29,"471775,584447"
12,30,"471775,584447"
12,31,"471775,584447"
12,35,584447
12,36,584447
12,37,584447
12,38,471775
12,39,471775
12,42,584447
12,43,584447
12,44,584447
12,45,584447
12,46,584447
12,47,584447
12,48,471775
12,49,471775
12,51,471775
12,52,471775
12,54,471775
12,55,471775
12,56,471775
13,29,584447
13,30,584447
13,31,584447
13,35,584447
13,36,584447
13,37,584447
13,42,584447
13,43,584447
13,44,584447
13,45,584447
13,46,584447
13,47,584447
14,29,"428202,584447,754685"
14,30,"584447,754685"
14,31,"584447,754685"
14,32,754685
14,33,754685
14,34,754685
14,35,"584447,754685"
14,36,"584447,754685"
14,37,"584447,754685"
14,42,"584447,754685"
14,43,"584447,754685"
14,44,"584447,754685"
14,45,"584447,754685"
14,46,"584447,754685"
14,47,"584447,754685"
14,51,428202
14,52,428202
14,56,754685
14,57,428202
14,58,428202
14,61,754685
14,62,754685
14,63,754685
15,29,471775
15,30,471775
15,31,471775
15,38,471775
15,39,471775
15,48,471775
15,49,471775
15,51,471775
15,52,471775
15,54,471775
15,55,471775
15,56,471775
16,29,"584447,754685"
16,30,"584447,754685"
16,31,"584447,754685"
16,32,754685
16,33,754685
16,34,754685
16,35,"584447,754685"
16,36,"584447,754685"
16,37,"584447,754685"
16,42,"584447,754685"
16,43,"584447,754685"
16,44,"584447,754685"
16,45,"584447,754685"
16,46,"584447,754685"
16,47,"584447,754685"
16,56,754685
16,61,754685
16,62,754685
16,63,754685
17,29,754685
17,30,754685
17,31,754685
17,32,754685
17,33,754685
17,34,754685
17,35,754685
17,36,754685
17,37,754685
17,42,754685
17,43,754685
17,44,754685
17,45,754685
17,46,754685
17,47,754685
17,56,754685
17,61,754685
17,62,754685
17,63,754685
18,29,"471775,715341"
18,30,"471775,519469"
18,31,471775
18,32,715341
18,33,715341
18,34,715341
18,38,471775
18,39,471775
18,48,471775
18,49,471775
18,51,471775
18,52,471775
18,54,471775
18,55,471775
18,56,471775
18,57,715341
18,58,715341
18,59,715341
18,60,715341
19,29,"471775,715341"
19,30,"471775,519469"
19,31,471775
19,32,715341
19,33,715341
19,34,715341
19,38,471775
19,39,471775
19,48,471775
19,49,471775
19,51,471775
19,52,471775
19,54,471775
19,55,471775
19,56,471775
19,57,715341
19,58,715341
19,59,715341
19,60,715341
20,29,"471775,715341"
20,30,471775
20,31,471775
20,32,715341
20,33,715341
20,34,715341
20,38,471775
20,39,471775
20,48,471775
20,49,471775
20,51,471775
20,52,471775
20,54,471775
20,55,471775
20,56,471775
20,57,715341
20,58,715341
20,59,715341
20,60,715341
22,29,"428202,584447"
22,30,584447
22,31,584447
22,35,584447
22,36,584447
22,37,584447
22,42,584447
22,43,584447
22,44,584447
22,45,584447
22,46,584447
22,47,584447
22,51,428202
22,52,428202
22,57,428202
22,58,428202
23,29,"584447,754685"
23,30,"584447,754685"
23,31,"584447,754685"
23,32,754685
23,33,754685
23,34,754685
23,35,"584447,754685"
23,36,"584447,754685"
23,37,"584447,754685"
23,42,"584447,754685"
23,43,"584447,754685"
23,44,"584447,754685"
23,45,"584447,754685"
23,46,"584447,754685"
23,47,"584447,754685"
23,56,754685
23,61,754685
23,62,754685
23,63,754685
24,100,"110899,464331"
24,127,"270220,314647,427096,602580,616689,739860,751640"
24,150,244827
24,195,421137
25,127,314647
27,127,187833
29,69,"471775,754685"
29,70,"428202,471775"
29,71,471775
29,72,"428202,754685"
29,75,"471775,715341"
29,76,471775
29,79,471775
29,80,471775
29,81,471775
29,82,"428202,715341"
29,83,715341
29,87,519885
29,88,555714
29,130,584447
29,131,584447
29,134,584447
29,135,584447
29,140,584447
29,141,584447
29,142,584447
29,145,584447
29,146,584447
29,147,584447
29,148,584447
30,69,"471775,519469,619437,752568,754685,761107,849812"
30,70,471775
30,71,471775
30,72,"619437,754685"
30,73,"619437,752568,849812"
30,74,619437
30,75,471775
30,76,471775
30,79,471775
30,80,471775
30,81,471775
30,84,849812
30,87,519885
30,130,584447
30,131,584447
30,134,584447
30,135,584447
30,140,584447
30,141,584447
30,142,584447
30,145,584447
30,146,584447
30,147,584447
30,148,584447
31,69,"471775,754685"
31,70,471775
31,71,471775
31,72,754685
31,75,471775
31,76,471775
31,79,471775
31,80,471775
31,81,471775
31,87,519885
31,130,584447
31,131,584447
31,134,584447
31,135,584447
31,140,584447
31,141,584447
31,142,584447
31,145,584447
31,146,584447
31,147,584447
31,148,584447
32,69,754685
32,72,754685
32,75,715341
32,82,715341
32,83,715341
33,69,754685
33,70,468837
33,71,911614
33,72,754685
33,75,715341
33,79,468837
33,82,715341
33,83,715341
33,155,294115
33,156,294115
33,157,294115
33,158,294115
33,159,294115
33,160,294115
33,161,294115
34,69,754685
34,72,754685
34,75,715341
34,82,715341
34,83,715341
35,69,"754685,761107,849812"
35,72,754685
35,73,849812
35,84,849812
35,87,519885
35,88,555714
35,130,584447
35,131,584447
35,134,584447
35,135,584447
35,140,584447
35,141,584447
35,142,584447
35,145,584447
35,146,584447
35,147,584447
35,148,584447
36,69,754685
36,72,754685
36,87,519885
36,88,555714
36,130,584447
36,131,584447
36,134,584447
36,135,584447
36,140,584447
36,141,584447
36,142,584447
36,145,584447
36,146,584447
36,147,584447
36,148,584447
37,69,"754685,761107,849812"
37,72,754685
37,73,849812
37,84,849812
37,87,519885
37,130,584447
37,131,584447
37,134,584447
37,135,584447
37,140,584447
37,141,584447
37,142,584447
37,145,584447
37,146,584447
37,147,584447
37,148,584447
38,69,471775
38,70,471775
38,71,471775
38,75,471775
38,76,471775
38,79,471775
38,80,471775
38,81,471775
38,87,519885
39,69,471775
39,70,471775
39,71,471775
39,75,471775
39,76,471775
39,79,471775
39,80,471775
39,81,471775
39,87,519885
42,69,"754685,849812"
42,72,754685
42,73,849812
42,84,849812
42,88,555714
42,130,584447
42,131,584447
42,134,584447
42,135,584447
42,140,584447
42,141,584447
42,142,584447
42,145,584447
42,146,584447
42,147,584447
42,148,584447
43,69,754685
43,72,754685
43,88,555714
43,130,584447
43,131,584447
43,134,584447
43,135,584447
43,140,584447
43,141,584447
43,142,584447
43,145,584447
43,146,584447
43,147,584447
43,148,584447
44,69,754685
44,72,754685
44,88,555714
44,130,584447
44,131,584447
44,134,584447
44,135,584447
44,140,584447
44,141,584447
44,142,584447
44,145,584447
44,146,584447
44,147,584447
44,148,584447
45,69,"754685,849812"
45,72,754685
45,73,849812
45,84,849812
45,130,584447
45,131,584447
45,134,584447
45,135,584447
45,140,584447
45,141,584447
45,142,584447
45,145,584447
45,146,584447
45,147,584447
45,148,584447
46,69,"754685,849812"
46,72,754685
46,73,849812
46,84,849812
46,88,555714
46,130,584447
46,131,584447
46,134,584447
46,135,584447
46,140,584447
46,141,584447
46,142,584447
46,145,584447
46,146,584447
46,147,584447
46,148,584447
47,69,754685
47,72,754685
47,88,555714
47,130,584447
47,131,584447
47,134,584447
47,135,584447
47,140,584447
47,141,584447
47,142,584447
47,145,584447
47,146,584447
47,147,584447
47,148,584447
48,69,471775
48,70,471775
48,71,471775
48,75,471775
48,76,471775
48,79,471775
48,80,471775
48,81,471775
49,69,471775
49,70,471775
49,71,"471775,911614"
49,75,471775
49,76,471775
49,79,471775
49,80,471775
49,81,471775
50,71,911614
51,69,471775
51,70,"428202,471775"
51,71,471775
51,72,428202
51,75,471775
51,76,471775
51,79,471775
51,80,471775
51,81,471775
51,82,428202
52,69,471775
52,70,"428202,471775"
52,71,471775
52,72,428202
52,75,471775
52,76,471775
52,79,471775
52,80,471775
52,81,471775
52,82,428202
52,155,294115
52,156,294115
52,157,294115
52,158,294115
52,159,294115
52,160,294115
52,161,294115
53,155,294115
53,156,294115
53,157,294115
53,158,294115
53,159,294115
53,160,294115
53,161,294115
54,69,471775
54,70,471775
54,71,471775
54,75,471775
54,76,471775
54,79,471775
54,80,471775
54,81,471775
55,69,471775
55,70,471775
55,71,471775
55,75,471775
55,76,471775
55,79,471775
55,80,471775
55,81,471775
56,69,"471775,754685"
56,70,471775
56,71,471775
56,72,754685
56,75,471775
56,76,471775
56,79,471775
56,80,471775
56,81,471775
56,87,719763
57,70,428202
57,72,428202
57,75,715341
57,82,"428202,715341"
57,83,715341
57,87,519885
58,70,428202
58,71,911614
58,72,428202
58,75,715341
58,82,"428202,715341"
58,83,715341
58,87,519885
58,155,294115
58,156,294115
58,157,294115
58,158,294115
58,159,294115
58,160,294115
58,161,294115
59,71,911614
59,75,715341
59,82,715341
59,83,715341
59,155,294115
59,156,294115
59,157,294115
59,158,294115
59,159,294115
59,160,294115
59,161,294115
60,71,911614
60,75,715341
60,82,715341
60,83,715341
60,155,294115
60,156,294115
60,157,294115
60,158,294115
60,159,294115
60,160,294115
60,161,294115
61,69,"754685,849812"
61,72,754685
61,73,849812
61,84,849812
61,88,555714
62,69,"754685,761107"
62,72,754685
62,88,555714
63,69,754685
63,72,754685
63,88,555714
64,70,468837
64,71,911614
64,79,468837
65,71,911614
66,178,460228
68,85,979705
68,86,123777
69,87,"619437,735292,752568,754685,761107,849812"
69,88,"754685,761107"
69,89,"754685,761107"
69,90,963615
69,91,963615
69,93,619437
69,97,519469
69,102,471775
70,90,"428202,963615"
70,91,963615
70,94,428202
70,102,471775
70,108,468837
71,102,471775
71,104,911614
72,87,"619437,754685"
72,88,754685
72,89,754685
72,90,428202
72,93,619437
72,94,428202
73,87,"619437,752568,849812"
73,93,619437
74,87,619437
74,93,619437
75,102,471775
75,181,715341
75,183,715341
75,184,715341
75,185,715341
76,102,471775
79,102,471775
79,108,468837
80,102,471775
81,102,471775
82,90,"428202,963615"
82,91,963615
82,94,428202
82,181,715341
82,183,715341
82,184,715341
82,185,715341
83,181,715341
83,183,715341
83,184,715341
83,185,715341
84,87,849812
85,96,"979705,988692,998545"
86,100,425954
86,107,123777
87,97,"619437,735292,752568,754685,761107,849812,1014685"
87,98,"754685,849812"
87,102,519885
87,117,719763
88,97,"754685,761107"
88,98,754685
88,130,555714
88,140,555714
88,141,555714
89,97,"754685,761107"
89,98,754685
90,97,428202
90,109,963615
90,110,963615
90,111,963615
90,112,963615
90,122,963615
90,123,963615
90,125,963615
91,109,963615
91,110,963615
91,111,963615
91,112,963615
91,122,963615
91,123,963615
91,125,963615
92,103,263913
93,97,619437
94,97,428202
96,99,"979705,988692,998545"
97,102,"428202,519469,619437,735292,752568,1007975,1014685"
97,103,619437
97,105,619437
97,108,849812
97,113,849812
97,117,754685
97,121,849812
97,124,761107
98,108,849812
98,113,849812
98,117,754685
98,121,849812
99,106,988692
99,128,"979705,998545"
100,127,"110899,425954,464331,903640,957469"
100,129,"425954,903640"
101,127,"903640,957469"
101,129,903640
102,108,"428202,619437,752568,1007975,1014685"
102,109,471775
102,110,471775
102,111,471775
102,112,471775
102,113,"471775,619437"
102,114,471775
102,115,471775
102,116,471775
102,117,1014685
102,118,"519885,1014685"
102,119,1014685
102,122,471775
102,123,471775
102,124,1014685
102,126,471775
102,154,519469
102,214,735292
103,108,619437
103,113,619437
103,114,263913
103,120,263913
103,121,263913
104,132,911614
104,138,911614
104,139,911614
104,142,911614
104,143,911614
104,149,911614
105,108,619437
105,113,619437
106,128,988692
107,129,1071032
107,153,123777
108,130,"468837,752568,1007975,1014685,1082751"
108,131,468837
108,137,849812
108,140,1014685
108,141,1014685
108,142,468837
108,154,619437
108,156,619437
108,168,619437
109,130,471775
109,131,963615
109,132,963615
109,133,963615
109,149,963615
110,130,471775
110,131,963615
110,132,963615
110,133,963615
110,149,963615
111,130,471775
111,131,963615
111,132,963615
111,133,963615
111,149,963615
112,130,471775
112,131,963615
112,132,963615
112,133,963615
112,149,963615
113,130,471775
113,137,849812
113,154,619437
113,156,619437
113,168,619437
114,130,471775
114,136,263913
115,130,471775
116,130,471775
117,130,1014685
117,140,"754685,1014685"
117,141,1014685
117,154,719763
118,130,"519885,1014685"
118,140,"519885,1014685"
118,141,"519885,1014685"
119,130,1014685
119,140,1014685
119,141,1014685
120,136,263913
121,136,263913
121,137,849812
122,130,471775
122,131,963615
122,132,963615
122,133,963615
122,149,963615
123,130,471775
123,131,963615
123,132,963615
123,133,963615
123,149,963615
124,130,1014685
124,140,1014685
124,141,1014685
124,206,761107
125,131,963615
125,132,963615
125,133,963615
125,149,963615
126,130,471775
127,150,"114666,118478,187833,270220,314647,368080,403445,425954,427096,427250,464331,602580,607784,612824,616689,751640,903640,957469,1095891"
127,171,"235297,739860"
127,195,110899
128,152,"979705,998545"
128,223,988692
129,150,"425954,903640"
129,153,1071032
130,154,"471775,519885,752568,1007975,1082751"
130,155,471775
130,156,471775
130,157,471775
130,158,"519885,584447"
130,162,1082751
130,165,519885
130,170,584447
130,181,468837
130,186,468837
130,190,1014685
130,198,555714
131,155,963615
131,158,"584447,963615"
131,159,963615
131,165,963615
131,170,584447
131,181,468837
131,186,468837
132,155,963615
132,158,963615
132,159,963615
132,160,911614
132,165,963615
132,168,911614
133,155,963615
133,158,963615
133,159,963615
133,165,963615
134,158,584447
134,170,584447
135,158,584447
135,170,584447
136,164,263913
137,154,849812
137,158,849812
137,165,849812
138,160,911614
138,168,911614
139,160,911614
139,168,911614
140,154,519885
140,158,"519885,584447"
140,165,519885
140,170,584447
140,190,1014685
140,198,555714
141,154,519885
141,158,"519885,584447"
141,165,519885
141,170,584447
141,190,1014685
141,198,555714
142,158,584447
142,160,911614
142,168,911614
142,170,584447
142,181,468837
142,186,468837
143,160,911614
143,168,911614
145,158,584447
145,170,584447
146,158,584447
146,170,584447
147,158,584447
147,170,584447
148,158,584447
148,170,584447
149,155,963615
149,158,963615
149,159,963615
149,160,911614
149,165,963615
149,168,911614
150,171,"108938,114666,118478,133892,187833,244827,270220,292347,314647,368080,403445,425954,427096,427250,464331,483533,602580,607784,612824,616689,751640,903640,957469,1061637,1095891,1163691,1167207,1168767,1171591,1198352"
150,172,"270220,1061637,1095891"
152,174,979705
152,175,979705
152,176,998545
152,177,998545
153,173,"123777,1071032"
153,177,1071032
154,179,719763
154,180,"471775,719763"
154,181,719763
154,182,"471775,1007975"
154,183,719763
154,184,719763
154,185,719763
154,187,719763
154,188,719763
154,189,719763
154,191,719763
154,192,719763
154,198,1082751
155,179,"294115,963615"
155,180,"294115,471775,963615"
155,181,"294115,963615"
155,182,471775
155,183,294115
155,184,294115
155,185,294115
155,186,963615
155,187,963615
155,188,963615
156,179,294115
156,180,"294115,471775"
156,181,294115
156,182,471775
156,183,294115
156,184,294115
156,185,294115
157,179,294115
157,180,"294115,471775"
157,181,294115
157,182,471775
157,183,294115
157,184,294115
157,185,294115
158,179,"294115,963615"
158,180,"294115,584447,963615"
158,181,"294115,963615"
158,182,584447
158,183,294115
158,184,294115
158,185,294115
158,186,963615
158,187,963615
158,188,963615
159,179,"294115,963615"
159,180,"294115,963615"
159,181,"294115,963615"
159,183,294115
159,184,294115
159,185,294115
159,186,963615
159,187,963615
159,188,963615
160,179,294115
160,180,294115
160,181,294115
160,183,294115
160,184,294115
160,185,294115
160,217,911614
160,218,911614
161,179,294115
161,180,294115
161,181,294115
161,183,294115
161,184,294115
161,185,294115
162,198,1082751
164,183,263913
164,191,263913
164,192,263913
164,193,263913
165,179,963615
165,180,963615
165,181,963615
165,186,963615
165,187,963615
165,188,963615
168,217,911614
168,218,911614
170,180,584447
170,182,584447
171,195,"108938,114666,118478,127790,133892,187833,235297,244827,270220,292347,314647,368080,403445,427096,427250,464331,483533,602580,607784,612824,616689,739860,751640,903640,957469,1061637,1095891,1163691,1167207,1168767,1171591,1198352"
171,201,425954
172,195,"270220,1061637,1095891"
173,196,"123777,1071032"
176,196,998545
177,196,"998545,1071032"
178,197,"156634,460228,552846,1205586"
179,207,963615
179,209,294115
179,210,963615
179,218,719763
179,219,719763
180,198,584447
180,207,963615
180,209,294115
180,210,963615
180,218,719763
180,219,719763
180,225,471775
181,207,963615
181,209,"294115,715341"
181,210,963615
181,216,468837
181,218,"468837,719763"
181,219,"468837,719763"
182,198,"584447,1007975"
182,225,471775
183,209,"294115,715341"
183,218,719763
183,219,719763
183,227,263913
184,209,"294115,715341"
184,218,719763
184,219,719763
185,209,"294115,715341"
185,218,719763
185,219,719763
186,207,963615
186,210,963615
186,216,468837
186,218,468837
186,219,468837
187,207,963615
187,210,963615
187,218,719763
187,219,719763
188,207,963615
188,210,963615
188,218,719763
188,219,719763
189,218,719763
189,219,719763
190,198,1014685
191,218,719763
191,219,719763
191,227,263913
192,218,719763
192,219,719763
192,227,263913
193,227,263913
195,201,"108938,110899,114666,118478,127790,133892,187833,235297,244827,270220,292347,368080,403445,421137,427096,427250,464331,483533,602580,607784,612824,616689,739860,751640,903640,957469,1061637,1095891,1163691,1167207,1168767,1171591,1198352"
195,202,"270220,903640,957469,1061637"
195,203,"187833,903640,957469"
195,204,"903640,957469"
195,213,314647
196,202,123777
196,203,123777
196,204,"123777,1071032"
197,205,"156634,460228,552846,1205586"
198,206,"555714,1007975,1014685,1082751"
201,213,"108938,110899,114666,118478,127790,133892,187833,235297,244827,270220,292347,403445,421137,425954,427096,427250,464331,483533,602580,607784,612824,616689,739860,751640,903640,957469,1061637,1095891,1163691,1167207,1168767,1171591,1198352"
201,221,368080
202,213,"270220,903640,957469,1061637"
203,213,"187833,903640,957469"
204,213,"903640,957469"
204,222,1071032
205,212,"156634,460228,552846,1205586"
206,214,"1014685,1082751"
207,216,963615
207,219,963615
209,215,"294115,715341"
210,216,963615
210,219,963615
212,224,"156634,460228,552846,1205586"
213,221,"108938,110899,114666,118478,127790,133892,187833,235297,244827,270220,292347,314647,403445,421137,427096,464331,483533,602580,612824,616689,739860,751640,957469,1061637,1095891,1163691,1167207,1168767,1171591,1198352"
213,229,"425954,427250"
214,225,1014685
215,233,294115
215,234,294115
215,235,294115
215,236,294115
215,238,715341
216,228,963615
218,228,719763
219,228,"719763,963615"
221,229,"108938,114666,118478,127790,133892,187833,235297,270220,292347,314647,403445,421137,427096,464331,483533,602580,612824,616689,739860,751640,957469,1061637,1095891,1163691,1167207,1168767,1171591,1198352"
221,230,"127790,602580,1061637,1167207"
221,231,"127790,602580"
221,237,"110899,244827"
222,231,1071032
224,232,"156634,460228,552846,1205586"
229,237,"108938,114666,118478,127790,133892,187833,235297,270220,314647,403445,425954,427096,427250,464331,602580,612824,616689,739860,751640,957469,1095891,1163691,1168767,1171591,1198352"
230,237,"127790,602580"
231,237,"127790,602580"
